<?xml version="1.0" encoding="UTF-8"?>
<testsuite xmlns:xsi="http://www.w3.org/2001/XMLSchema-instance" xsi:noNamespaceSchemaLocation="https://maven.apache.org/surefire/maven-surefire-plugin/xsd/surefire-test-report.xsd" name="com.company.reporting.DateCalculatorTest" time="0.006" tests="18" errors="0" skipped="0" failures="0">
  <properties>
    <property name="java.specification.version" value="21"/>
    <property name="sun.jnu.encoding" value="UTF-8"/>
    <property name="java.class.path" value="/app/target/test-classes:/app/target/classes:/home/swebot/.m2/repository/junit/junit/4.13.2/junit-4.13.2.jar:/home/swebot/.m2/repository/org/hamcrest/hamcrest-core/1.3/hamcrest-core-1.3.jar:/home/swebot/.m2/repository/org/mockito/mockito-core/4.11.0/mockito-core-4.11.0.jar:/home/swebot/.m2/repository/net/bytebuddy/byte-buddy/1.12.19/byte-buddy-1.12.19.jar:/home/swebot/.m2/repository/net/bytebuddy/byte-buddy-agent/1.12.19/byte-buddy-agent-1.12.19.jar:/home/swebot/.m2/repository/org/objenesis/objenesis/3.3/objenesis-3.3.jar:"/>
    <property name="java.vm.vendor" value="Ubuntu"/>
    <property name="sun.arch.data.model" value="64"/>
    <property name="java.vendor.url" value="https://ubuntu.com/"/>
    <property name="os.name" value="Linux"/>
    <property name="java.vm.specification.version" value="21"/>
    <property name="sun.java.launcher" value="SUN_STANDARD"/>
    <property name="sun.boot.library.path" value="/usr/lib/jvm/java-21-openjdk-amd64/lib"/>
    <property name="sun.java.command" value="/app/target/surefire/surefirebooter15076608482073995.jar /app/target/surefire 2025-06-12T13-53-30_932-jvmRun1 surefire16566778868156170509tmp surefire_017644809586936536863tmp"/>
    <property name="jdk.debug" value="release"/>
    <property name="surefire.test.class.path" value="/app/target/test-classes:/app/target/classes:/home/swebot/.m2/repository/junit/junit/4.13.2/junit-4.13.2.jar:/home/swebot/.m2/repository/org/hamcrest/hamcrest-core/1.3/hamcrest-core-1.3.jar:/home/swebot/.m2/repository/org/mockito/mockito-core/4.11.0/mockito-core-4.11.0.jar:/home/swebot/.m2/repository/net/bytebuddy/byte-buddy/1.12.19/byte-buddy-1.12.19.jar:/home/swebot/.m2/repository/net/bytebuddy/byte-buddy-agent/1.12.19/byte-buddy-agent-1.12.19.jar:/home/swebot/.m2/repository/org/objenesis/objenesis/3.3/objenesis-3.3.jar:"/>
    <property name="sun.cpu.endian" value="little"/>
    <property name="user.home" value="/home/swebot"/>
    <property name="user.language" value="en"/>
    <property name="java.specification.vendor" value="Oracle Corporation"/>
    <property name="java.version.date" value="2025-04-15"/>
    <property name="java.home" value="/usr/lib/jvm/java-21-openjdk-amd64"/>
    <property name="file.separator" value="/"/>
    <property name="basedir" value="/app"/>
    <property name="java.vm.compressedOopsMode" value="32-bit"/>
    <property name="line.separator" value="&#10;"/>
    <property name="java.vm.specification.vendor" value="Oracle Corporation"/>
    <property name="java.specification.name" value="Java Platform API Specification"/>
    <property name="surefire.real.class.path" value="/app/target/surefire/surefirebooter15076608482073995.jar"/>
    <property name="sun.management.compiler" value="HotSpot 64-Bit Tiered Compilers"/>
    <property name="java.runtime.version" value="21.0.7+6-Ubuntu-0ubuntu124.04"/>
    <property name="user.name" value="jules"/>
    <property name="stdout.encoding" value="UTF-8"/>
    <property name="path.separator" value=":"/>
    <property name="os.version" value="6.8.0"/>
    <property name="java.runtime.name" value="OpenJDK Runtime Environment"/>
    <property name="file.encoding" value="UTF-8"/>
    <property name="java.vm.name" value="OpenJDK 64-Bit Server VM"/>
    <property name="localRepository" value="/home/swebot/.m2/repository"/>
    <property name="java.vendor.url.bug" value="https://bugs.launchpad.net/ubuntu/+source/openjdk-21"/>
    <property name="java.io.tmpdir" value="/tmp"/>
    <property name="java.version" value="21.0.7"/>
    <property name="user.dir" value="/app"/>
    <property name="os.arch" value="amd64"/>
    <property name="java.vm.specification.name" value="Java Virtual Machine Specification"/>
    <property name="native.encoding" value="UTF-8"/>
    <property name="java.library.path" value="/usr/java/packages/lib:/usr/lib/x86_64-linux-gnu/jni:/lib/x86_64-linux-gnu:/usr/lib/x86_64-linux-gnu:/usr/lib/jni:/lib:/usr/lib"/>
    <property name="stderr.encoding" value="UTF-8"/>
    <property name="java.vm.info" value="mixed mode, sharing"/>
    <property name="java.vendor" value="Ubuntu"/>
    <property name="java.vm.version" value="21.0.7+6-Ubuntu-0ubuntu124.04"/>
    <property name="sun.io.unicode.encoding" value="UnicodeLittle"/>
    <property name="java.class.version" value="65.0"/>
  </properties>
  <testcase name="testIsEndOfMonth_Feb29_LeapYear" classname="com.company.reporting.DateCalculatorTest" time="0"/>
  <testcase name="testIsEndOfMonth_Feb28_LeapYear" classname="com.company.reporting.DateCalculatorTest" time="0"/>
  <testcase name="testIsEndOfMonth_Feb27_LeapYear" classname="com.company.reporting.DateCalculatorTest" time="0"/>
  <testcase name="testIsEndOfMonth_Feb28_NonLeapYear" classname="com.company.reporting.DateCalculatorTest" time="0"/>
  <testcase name="testIsEndOfMonth_Feb27_NonLeapYear" classname="com.company.reporting.DateCalculatorTest" time="0"/>
  <testcase name="testYearsOfService_MultipleYears_JustPastAnniversary" classname="com.company.reporting.DateCalculatorTest" time="0"/>
  <testcase name="testYearsOfService_MultipleYears" classname="com.company.reporting.DateCalculatorTest" time="0"/>
  <testcase name="testYearsOfService_MultipleYears_JustBeforeAnniversaryMonth" classname="com.company.reporting.DateCalculatorTest" time="0"/>
  <testcase name="testYearsOfService_AlmostOneYear_MonthBefore" classname="com.company.reporting.DateCalculatorTest" time="0"/>
  <testcase name="testYearsOfService_SameYear_BeforeAnniversaryMonth" classname="com.company.reporting.DateCalculatorTest" time="0"/>
  <testcase name="testYearsOfService_CrossingCentury_COBOLExample" classname="com.company.reporting.DateCalculatorTest" time="0"/>
  <testcase name="testYearsOfService_AlmostOneYear_DayBefore" classname="com.company.reporting.DateCalculatorTest" time="0"/>
  <testcase name="testIsEndOfMonth_April29" classname="com.company.reporting.DateCalculatorTest" time="0"/>
  <testcase name="testIsEndOfMonth_April30" classname="com.company.reporting.DateCalculatorTest" time="0"/>
  <testcase name="testYearsOfService_ExactlyOneYear" classname="com.company.reporting.DateCalculatorTest" time="0.001"/>
  <testcase name="testYearsOfService_MultipleYears_JustBeforeAnniversaryDayInMonth" classname="com.company.reporting.DateCalculatorTest" time="0"/>
  <testcase name="testIsEndOfMonth_Jan30" classname="com.company.reporting.DateCalculatorTest" time="0"/>
  <testcase name="testIsEndOfMonth_Jan31" classname="com.company.reporting.DateCalculatorTest" time="0.001"/>
</testsuite>